<?xml version="1.0" encoding="UTF-8"?>
<!-- Generated by org.testng.reporters.JUnitReportReporter -->
<testsuite hostname="LAPTOP-AMHE439I" failures="0" tests="1" name="testCases.Login" time="10.343" errors="0" timestamp="2024-09-15T23:49:58 IST" skipped="0">
  <testcase classname="testCases.Login" name="Test" time="10.343"/>
</testsuite> <!-- testCases.Login -->
