<?xml version="1.0" encoding="UTF-8"?>
<!-- Generated by org.testng.reporters.JUnitReportReporter -->
<testsuite hostname="LAPTOP-AMHE439I" failures="0" tests="1" name="testCases.Login" time="0.015" errors="0" timestamp="2024-08-06T00:51:31 IST" skipped="0">
  <testcase classname="testCases.Login" name="test" time="0.015"/>
</testsuite> <!-- testCases.Login -->
